2025-10-24 08:32:49,485 - INFO - Project root: D:\pbl6\ember\colab_guide
2025-10-24 08:32:49,485 - INFO - Data directory: D:\pbl6\ember\colab_guide\data\ember2018
2025-10-24 08:32:49,485 - INFO - Model path: D:\pbl6\ember\colab_guide\ember_model_pycharm.txt
2025-10-24 08:32:49,486 - INFO - ============================================================
2025-10-24 08:32:49,501 - INFO - ============================================================
2025-10-24 08:35:47,823 - INFO - Project root: D:\pbl6\ember\colab_guide
2025-10-24 08:35:47,823 - INFO - Data directory: D:\pbl6\ember\colab_guide\data\ember2018
2025-10-24 08:35:47,823 - INFO - Model path: D:\pbl6\ember\colab_guide\ember_model_pycharm.txt
2025-10-24 08:35:47,823 - INFO - ============================================================
2025-10-24 08:35:47,823 - INFO - EMBER TRAINING CHO PYCHARM
2025-10-24 08:35:47,823 - INFO - ============================================================
2025-10-24 08:35:47,823 - INFO - Kiem tra yeu cau he thong...
2025-10-24 08:35:47,823 - INFO - Python 3.10.11
2025-10-24 08:35:47,836 - INFO - 💾 RAM: 15.7 GB
2025-10-24 08:35:47,836 - INFO - Cai dat dependencies...
2025-10-24 08:35:47,836 - INFO - Cai dat lightgbm...
2025-10-24 08:35:49,046 - INFO - lightgbm da cai dat
2025-10-24 08:35:49,046 - INFO - Cai dat tqdm...
2025-10-24 08:35:50,021 - INFO - tqdm da cai dat
2025-10-24 08:35:50,021 - INFO - Cai dat numpy...
2025-10-24 08:35:51,020 - INFO - numpy da cai dat
2025-10-24 08:35:51,021 - INFO - Cai dat pandas...
2025-10-24 08:35:52,062 - INFO - pandas da cai dat
2025-10-24 08:35:52,062 - INFO - Cai dat scikit-learn...
2025-10-24 08:35:53,071 - INFO - scikit-learn da cai dat
2025-10-24 08:35:53,071 - INFO - Cai dat psutil...
2025-10-24 08:35:54,110 - INFO - psutil da cai dat
2025-10-24 08:35:54,110 - INFO - Cai dat LIEF...
2025-10-24 08:35:54,114 - INFO - Conda khong kha dung, thu pip...
2025-10-24 08:35:55,260 - INFO - LIEF da cai tu pip
2025-10-24 08:35:55,260 - INFO - Setup EMBER repository...
2025-10-24 08:35:55,260 - INFO - EMBER repository da co san
2025-10-24 08:35:55,260 - INFO - Cai dat EMBER...
2025-10-24 08:35:56,147 - ERROR - Loi cai dat EMBER: Command '['C:\\Users\\TUF\\AppData\\Local\\Programs\\Python\\Python310\\python.exe', 'setup.py', 'install']' returned non-zero exit status 1.
2025-10-24 08:36:37,355 - INFO - Project root: D:\pbl6\ember\colab_guide
2025-10-24 08:36:37,355 - INFO - Data directory: D:\pbl6\ember\colab_guide\data\ember2018
2025-10-24 08:36:37,355 - INFO - Model path: D:\pbl6\ember\colab_guide\ember_model_pycharm.txt
2025-10-24 08:36:37,355 - INFO - ============================================================
2025-10-24 08:36:37,355 - INFO - EMBER TRAINING CHO PYCHARM
2025-10-24 08:36:37,355 - INFO - ============================================================
2025-10-24 08:36:37,355 - INFO - Kiem tra yeu cau he thong...
2025-10-24 08:36:37,355 - INFO - Python 3.10.11
2025-10-24 08:36:37,366 - INFO - 💾 RAM: 15.7 GB
2025-10-24 08:36:37,366 - INFO - Cai dat dependencies...
2025-10-24 08:36:37,366 - INFO - Cai dat lightgbm...
2025-10-24 08:36:38,368 - INFO - lightgbm da cai dat
2025-10-24 08:36:38,368 - INFO - Cai dat tqdm...
2025-10-24 08:36:39,351 - INFO - tqdm da cai dat
2025-10-24 08:36:39,352 - INFO - Cai dat numpy...
2025-10-24 08:36:40,330 - INFO - numpy da cai dat
2025-10-24 08:36:40,330 - INFO - Cai dat pandas...
2025-10-24 08:36:41,314 - INFO - pandas da cai dat
2025-10-24 08:36:41,314 - INFO - Cai dat scikit-learn...
2025-10-24 08:36:42,311 - INFO - scikit-learn da cai dat
2025-10-24 08:36:42,311 - INFO - Cai dat psutil...
2025-10-24 08:36:43,307 - INFO - psutil da cai dat
2025-10-24 08:36:43,307 - INFO - Cai dat LIEF...
2025-10-24 08:36:43,311 - INFO - Conda khong kha dung, thu pip...
2025-10-24 08:36:44,314 - INFO - LIEF da cai tu pip
2025-10-24 08:36:44,314 - INFO - Setup EMBER repository...
2025-10-24 08:36:44,314 - INFO - EMBER repository da co san
2025-10-24 08:36:44,314 - INFO - Cai dat EMBER...
2025-10-24 08:36:47,191 - INFO - EMBER da cai dat
2025-10-24 08:36:47,191 - INFO - Setup dataset...
2025-10-24 08:36:47,192 - ERROR - Dataset chua co!
2025-10-24 08:36:47,192 - INFO - Hay:
2025-10-24 08:36:47,192 - INFO - 1. Nen thu muc data/ember2018/ thanh file .zip
2025-10-24 08:36:47,192 - INFO - 2. Dat file .zip vao thu muc project
2025-10-24 08:36:47,192 - INFO - 3. Chay lai script
2025-10-24 08:38:12,840 - INFO - Project root: D:\pbl6\ember\colab_guide
2025-10-24 08:38:12,840 - INFO - Data directory: D:\pbl6\ember\data\ember2018
2025-10-24 08:38:12,840 - INFO - Model path: D:\pbl6\ember\colab_guide\ember_model_pycharm.txt
2025-10-24 08:38:12,841 - INFO - ============================================================
2025-10-24 08:38:12,841 - INFO - EMBER TRAINING CHO PYCHARM
2025-10-24 08:38:12,841 - INFO - ============================================================
2025-10-24 08:38:12,841 - INFO - Kiem tra yeu cau he thong...
2025-10-24 08:38:12,841 - INFO - Python 3.10.11
2025-10-24 08:38:12,851 - INFO - 💾 RAM: 15.7 GB
2025-10-24 08:38:12,851 - INFO - Cai dat dependencies...
2025-10-24 08:38:12,851 - INFO - Cai dat lightgbm...
2025-10-24 08:38:13,761 - INFO - lightgbm da cai dat
2025-10-24 08:38:13,761 - INFO - Cai dat tqdm...
2025-10-24 08:38:14,650 - INFO - tqdm da cai dat
2025-10-24 08:38:14,650 - INFO - Cai dat numpy...
2025-10-24 08:38:15,511 - INFO - numpy da cai dat
2025-10-24 08:38:15,511 - INFO - Cai dat pandas...
2025-10-24 08:38:16,393 - INFO - pandas da cai dat
2025-10-24 08:38:16,393 - INFO - Cai dat scikit-learn...
2025-10-24 08:38:17,251 - INFO - scikit-learn da cai dat
2025-10-24 08:38:17,251 - INFO - Cai dat psutil...
2025-10-24 08:38:18,114 - INFO - psutil da cai dat
2025-10-24 08:38:18,114 - INFO - Cai dat LIEF...
2025-10-24 08:38:18,117 - INFO - Conda khong kha dung, thu pip...
2025-10-24 08:38:18,981 - INFO - LIEF da cai tu pip
2025-10-24 08:38:18,981 - INFO - Setup EMBER repository...
2025-10-24 08:38:18,981 - INFO - EMBER repository da co san
2025-10-24 08:38:18,981 - INFO - Cai dat EMBER...
2025-10-24 08:38:21,162 - INFO - EMBER da cai dat
2025-10-24 08:38:21,162 - INFO - Setup dataset...
2025-10-24 08:38:21,162 - INFO - Dataset da co san
2025-10-24 08:38:21,162 - INFO - Dataset path: D:\pbl6\ember\data\ember2018
2025-10-24 08:38:21,163 - INFO - Tim thay 7 file .jsonl
2025-10-24 08:38:21,163 - INFO - Bat dau training EMBER...
2025-10-24 08:38:21,989 - INFO - Tao vectorized features...
2025-10-24 08:38:44,317 - ERROR - Loi tao features: Samples can not be a single string. The input must be an iterable over iterables of strings.
2025-10-24 08:39:50,132 - INFO - Project root: D:\pbl6\ember\colab_guide
2025-10-24 08:39:50,132 - INFO - Data directory: D:\pbl6\ember\data\ember2018
2025-10-24 08:39:50,132 - INFO - Model path: D:\pbl6\ember\colab_guide\ember_model_pycharm.txt
2025-10-24 08:39:50,132 - INFO - ============================================================
2025-10-24 08:39:50,132 - INFO - EMBER TRAINING CHO PYCHARM
2025-10-24 08:39:50,132 - INFO - ============================================================
2025-10-24 08:39:50,132 - INFO - Kiem tra yeu cau he thong...
2025-10-24 08:39:50,132 - INFO - Python 3.10.11
2025-10-24 08:39:50,143 - INFO - 💾 RAM: 15.7 GB
2025-10-24 08:39:50,143 - INFO - Cai dat dependencies...
2025-10-24 08:39:50,143 - INFO - Cai dat lightgbm...
2025-10-24 08:39:51,150 - INFO - lightgbm da cai dat
2025-10-24 08:39:51,151 - INFO - Cai dat tqdm...
2025-10-24 08:39:52,122 - INFO - tqdm da cai dat
2025-10-24 08:39:52,122 - INFO - Cai dat numpy...
2025-10-24 08:39:53,216 - INFO - numpy da cai dat
2025-10-24 08:39:53,216 - INFO - Cai dat pandas...
2025-10-24 08:39:54,319 - INFO - pandas da cai dat
2025-10-24 08:39:54,319 - INFO - Cai dat scikit-learn...
2025-10-24 08:39:55,231 - INFO - scikit-learn da cai dat
2025-10-24 08:39:55,232 - INFO - Cai dat psutil...
2025-10-24 08:39:56,316 - INFO - psutil da cai dat
2025-10-24 08:39:56,317 - INFO - Cai dat LIEF...
2025-10-24 08:39:56,319 - INFO - Conda khong kha dung, thu pip...
2025-10-24 08:39:57,475 - INFO - LIEF da cai tu pip
2025-10-24 08:39:57,475 - INFO - Setup EMBER repository...
2025-10-24 08:39:57,475 - INFO - EMBER repository da co san
2025-10-24 08:39:57,475 - INFO - Cai dat EMBER...
2025-10-24 08:40:00,083 - INFO - EMBER da cai dat
2025-10-24 08:40:00,083 - INFO - Setup dataset...
2025-10-24 08:40:00,083 - INFO - Dataset da co san
2025-10-24 08:40:00,083 - INFO - Dataset path: D:\pbl6\ember\data\ember2018
2025-10-24 08:40:00,084 - INFO - Tim thay 7 file .jsonl
2025-10-24 08:40:00,084 - INFO - Bat dau training EMBER...
2025-10-24 08:40:00,924 - INFO - Tao vectorized features...
2025-10-24 08:40:00,924 - INFO - Kiem tra dataset...
2025-10-24 08:40:00,924 - INFO - Tim thay 6 feature files
2025-10-24 08:40:00,925 - INFO - Feature sample: {"sha256": "0abb4fda7d5b13801d63bee53e5e256be43e141faa077a6d149874242c3f02c2", "md5": "63956d6417f8f...
2025-10-24 08:40:00,925 - INFO - Bat dau tao vectorized features...
2025-10-24 08:40:24,842 - ERROR - Loi tao features: Samples can not be a single string. The input must be an iterable over iterables of strings.
2025-10-24 08:40:24,843 - INFO - Thu cach khac: tao features tu raw data...
2025-10-24 08:40:24,844 - ERROR - Khong tim thay raw data. Dataset co the bi loi format.
2025-10-24 08:41:28,781 - INFO - Project root: D:\pbl6\ember\colab_guide
2025-10-24 08:41:28,781 - INFO - Data directory: D:\pbl6\ember\data\ember2018
2025-10-24 08:41:28,781 - INFO - Model path: D:\pbl6\ember\colab_guide\ember_model_pycharm.txt
2025-10-24 08:41:28,781 - INFO - ============================================================
2025-10-24 08:41:28,781 - INFO - EMBER TRAINING CHO PYCHARM
2025-10-24 08:41:28,781 - INFO - ============================================================
2025-10-24 08:41:28,781 - INFO - Kiem tra yeu cau he thong...
2025-10-24 08:41:28,781 - INFO - Python 3.10.11
2025-10-24 08:41:28,796 - INFO - 💾 RAM: 15.7 GB
2025-10-24 08:41:28,796 - INFO - Cai dat dependencies...
2025-10-24 08:41:28,796 - INFO - Cai dat lightgbm...
2025-10-24 08:41:30,282 - INFO - lightgbm da cai dat
2025-10-24 08:41:30,282 - INFO - Cai dat tqdm...
2025-10-24 08:41:31,425 - INFO - tqdm da cai dat
2025-10-24 08:41:31,425 - INFO - Cai dat numpy...
2025-10-24 08:41:33,013 - INFO - numpy da cai dat
2025-10-24 08:41:33,013 - INFO - Cai dat pandas...
2025-10-24 08:41:34,196 - INFO - pandas da cai dat
2025-10-24 08:41:34,196 - INFO - Cai dat scikit-learn...
2025-10-24 08:41:35,129 - INFO - scikit-learn da cai dat
2025-10-24 08:41:35,129 - INFO - Cai dat psutil...
2025-10-24 08:41:35,996 - INFO - psutil da cai dat
2025-10-24 08:41:35,996 - INFO - Cai dat LIEF...
2025-10-24 08:41:36,000 - INFO - Conda khong kha dung, thu pip...
2025-10-24 08:41:36,902 - INFO - LIEF da cai tu pip
2025-10-24 08:41:36,902 - INFO - Setup EMBER repository...
2025-10-24 08:41:36,903 - INFO - EMBER repository da co san
2025-10-24 08:41:36,903 - INFO - Cai dat EMBER...
2025-10-24 08:41:39,638 - INFO - EMBER da cai dat
2025-10-24 08:41:39,638 - INFO - Setup dataset...
2025-10-24 08:41:39,638 - INFO - Dataset da co san
2025-10-24 08:41:39,639 - INFO - Dataset path: D:\pbl6\ember\data\ember2018
2025-10-24 08:41:39,639 - INFO - Tim thay 7 file .jsonl
2025-10-24 08:41:39,639 - INFO - Bat dau training EMBER...
2025-10-24 08:41:40,541 - INFO - Kiem tra dataset...
2025-10-24 08:41:40,542 - INFO - Tim thay 6 feature files
2025-10-24 08:41:40,542 - INFO - Feature sample: {"sha256": "0abb4fda7d5b13801d63bee53e5e256be43e141faa077a6d149874242c3f02c2", "md5": "63956d6417f8f...
2025-10-24 08:41:40,543 - INFO - Khong tim thay vectorized features, tao moi...
2025-10-24 08:42:02,531 - ERROR - Loi tao features: Samples can not be a single string. The input must be an iterable over iterables of strings.
2025-10-24 08:42:02,531 - INFO - Dataset co the da bi loi format. Thu su dung truc tiep...
2025-10-24 08:42:02,532 - INFO - Bo qua tao vectorized features, su dung dataset truc tiep...
2025-10-24 08:42:02,532 - INFO - Loading data...
2025-10-24 08:42:02,536 - ERROR - Loi load vectorized features: read_metadata() takes 1 positional argument but 2 were given
2025-10-24 08:42:02,536 - INFO - Thu load tu raw features...
2025-10-24 08:42:02,536 - ERROR - Loi load raw features: [Errno 2] No such file or directory: 'D:\\pbl6\\ember\\data\\ember2018\\train_metadata.jsonl'
2025-10-24 08:48:28,080 - INFO - Project root: D:\pbl6\ember\colab_guide
2025-10-24 08:48:28,080 - INFO - Data directory: D:\pbl6\ember\data\ember2018
2025-10-24 08:48:28,080 - INFO - Model path: D:\pbl6\ember\colab_guide\ember_model_pycharm.txt
2025-10-24 08:48:28,080 - INFO - ============================================================
2025-10-24 08:48:28,080 - INFO - EMBER TRAINING CHO PYCHARM
2025-10-24 08:48:28,080 - INFO - ============================================================
2025-10-24 08:48:28,080 - INFO - Kiem tra yeu cau he thong...
2025-10-24 08:48:28,080 - INFO - Python 3.10.11
2025-10-24 08:48:28,090 - INFO - 💾 RAM: 15.7 GB
2025-10-24 08:48:28,090 - INFO - Cai dat dependencies...
2025-10-24 08:48:28,090 - INFO - Cai dat lightgbm...
2025-10-24 08:48:29,358 - INFO - lightgbm da cai dat
2025-10-24 08:48:29,358 - INFO - Cai dat tqdm...
2025-10-24 08:48:30,252 - INFO - tqdm da cai dat
2025-10-24 08:48:30,253 - INFO - Cai dat numpy...
2025-10-24 08:48:31,143 - INFO - numpy da cai dat
2025-10-24 08:48:31,143 - INFO - Cai dat pandas...
2025-10-24 08:48:32,052 - INFO - pandas da cai dat
2025-10-24 08:48:32,052 - INFO - Cai dat scikit-learn...
2025-10-24 08:48:32,932 - INFO - scikit-learn da cai dat
2025-10-24 08:48:32,932 - INFO - Cai dat psutil...
2025-10-24 08:48:33,793 - INFO - psutil da cai dat
2025-10-24 08:48:33,793 - INFO - Cai dat LIEF...
2025-10-24 08:48:33,795 - INFO - Conda khong kha dung, thu pip...
2025-10-24 08:48:34,643 - INFO - LIEF da cai tu pip
2025-10-24 08:48:34,643 - INFO - Setup EMBER repository...
2025-10-24 08:48:34,644 - INFO - EMBER repository da co san
2025-10-24 08:48:34,644 - INFO - Cai dat EMBER...
2025-10-24 08:48:35,333 - ERROR - Loi cai dat EMBER: Command '['C:\\Users\\TUF\\AppData\\Local\\Programs\\Python\\Python310\\python.exe', '-m', 'pip', 'install', '-e', '.']' returned non-zero exit status 1.
2025-10-24 08:48:35,333 - INFO - Thu cach khac...
2025-10-24 08:48:36,023 - ERROR - Loi cai dat EMBER (cach 2): Command '['C:\\Users\\TUF\\AppData\\Local\\Programs\\Python\\Python310\\python.exe', '-m', 'pip', 'install', '.']' returned non-zero exit status 1.
2025-10-24 08:48:36,024 - INFO - Thu cach 3: cai dat khong ghi de...
2025-10-24 08:48:36,718 - ERROR - Loi cai dat EMBER (cach 3): Command '['C:\\Users\\TUF\\AppData\\Local\\Programs\\Python\\Python310\\python.exe', '-m', 'pip', 'install', '.', '--ignore-installed']' returned non-zero exit status 1.
2025-10-24 08:48:36,718 - INFO - Khong the cai dat EMBER. Hay thu cach thu cong:
2025-10-24 08:48:36,718 - INFO - cd ember && python setup.py install --force
2025-10-24 08:49:54,829 - INFO - Project root: D:\pbl6\ember\colab_guide
2025-10-24 08:49:54,830 - INFO - Data directory: D:\pbl6\ember\data\ember2018
2025-10-24 08:49:54,830 - INFO - Model path: D:\pbl6\ember\colab_guide\ember_model_pycharm.txt
2025-10-24 08:49:54,830 - INFO - ============================================================
2025-10-24 08:49:54,830 - INFO - EMBER TRAINING CHO PYCHARM
2025-10-24 08:49:54,830 - INFO - ============================================================
2025-10-24 08:49:54,830 - INFO - Kiem tra yeu cau he thong...
2025-10-24 08:49:54,830 - INFO - Python 3.10.11
2025-10-24 08:49:54,839 - INFO - 💾 RAM: 15.7 GB
2025-10-24 08:49:54,839 - INFO - Cai dat dependencies...
2025-10-24 08:49:54,840 - INFO - Cai dat lightgbm...
2025-10-24 08:49:55,744 - INFO - lightgbm da cai dat
2025-10-24 08:49:55,744 - INFO - Cai dat tqdm...
2025-10-24 08:49:56,705 - INFO - tqdm da cai dat
2025-10-24 08:49:56,705 - INFO - Cai dat numpy...
2025-10-24 08:49:57,585 - INFO - numpy da cai dat
2025-10-24 08:49:57,585 - INFO - Cai dat pandas...
2025-10-24 08:49:58,496 - INFO - pandas da cai dat
2025-10-24 08:49:58,496 - INFO - Cai dat scikit-learn...
2025-10-24 08:49:59,391 - INFO - scikit-learn da cai dat
2025-10-24 08:49:59,391 - INFO - Cai dat psutil...
2025-10-24 08:50:00,268 - INFO - psutil da cai dat
2025-10-24 08:50:00,268 - INFO - Cai dat LIEF...
2025-10-24 08:50:00,271 - INFO - Conda khong kha dung, thu pip...
2025-10-24 08:50:01,144 - INFO - LIEF da cai tu pip
2025-10-24 08:50:01,144 - INFO - Setup EMBER repository...
2025-10-24 08:50:01,144 - INFO - EMBER repository da co san
2025-10-24 08:50:01,144 - INFO - Kiem tra EMBER source code...
2025-10-24 08:50:01,144 - INFO - EMBER source code da co san
2025-10-24 08:50:01,144 - INFO - Su dung EMBER truc tiep tu source code...
2025-10-24 08:50:01,144 - INFO - Setup dataset...
2025-10-24 08:50:01,144 - INFO - Dataset da co san
2025-10-24 08:50:01,144 - INFO - Dataset path: D:\pbl6\ember\data\ember2018
2025-10-24 08:50:01,144 - INFO - Tim thay 7 file .jsonl
2025-10-24 08:50:01,144 - INFO - Bat dau training EMBER...
2025-10-24 08:50:01,898 - INFO - EMBER da duoc import thanh cong
2025-10-24 08:50:01,898 - INFO - Kiem tra dataset...
2025-10-24 08:50:01,898 - INFO - Tim thay 6 feature files
2025-10-24 08:50:01,898 - INFO - Feature sample: {"sha256": "0abb4fda7d5b13801d63bee53e5e256be43e141faa077a6d149874242c3f02c2", "md5": "63956d6417f8f...
2025-10-24 08:50:01,899 - INFO - Khong tim thay vectorized features, tao moi...
2025-10-24 08:50:24,237 - ERROR - Loi tao features: Samples can not be a single string. The input must be an iterable over iterables of strings.
2025-10-24 08:50:24,238 - INFO - Dataset co the da bi loi format. Thu su dung truc tiep...
2025-10-24 08:50:24,239 - INFO - Bo qua tao vectorized features, su dung dataset truc tiep...
2025-10-24 08:50:24,239 - INFO - Loading data...
2025-10-24 08:50:24,239 - INFO - Loading 6 feature files...
2025-10-24 08:50:24,239 - INFO - Loading train_features_0.jsonl...
2025-10-24 08:50:24,240 - INFO -   Processed 0 lines...
2025-10-24 08:50:26,240 - INFO -   Processed 10,000 lines...
2025-10-24 08:50:27,702 - INFO -   Processed 20,000 lines...
2025-10-24 08:50:31,314 - INFO -   Processed 30,000 lines...
2025-10-24 08:50:38,663 - INFO -   Processed 40,000 lines...
2025-10-24 08:50:44,320 - INFO - Loading train_features_1.jsonl...
2025-10-24 08:50:44,323 - INFO -   Processed 0 lines...
2025-10-24 08:50:48,089 - INFO -   Processed 10,000 lines...
2025-10-24 08:50:49,731 - INFO -   Processed 20,000 lines...
2025-10-24 08:51:02,474 - INFO -   Processed 30,000 lines...
2025-10-24 08:51:05,910 - INFO -   Processed 40,000 lines...
2025-10-24 08:51:08,877 - INFO -   Processed 50,000 lines...
2025-10-24 08:51:10,611 - INFO -   Processed 60,000 lines...
2025-10-24 08:51:16,732 - INFO -   Processed 70,000 lines...
2025-10-24 08:51:23,879 - INFO -   Processed 80,000 lines...
2025-10-24 08:51:26,330 - INFO -   Processed 90,000 lines...
2025-10-24 08:51:31,723 - INFO -   Processed 100,000 lines...
2025-10-24 08:51:33,672 - INFO -   Processed 110,000 lines...
2025-10-24 08:51:35,400 - INFO -   Processed 120,000 lines...
2025-10-24 08:51:41,365 - INFO -   Processed 130,000 lines...
2025-10-24 08:51:43,502 - INFO -   Processed 140,000 lines...
2025-10-24 08:51:46,273 - INFO -   Processed 150,000 lines...
2025-10-24 08:51:49,148 - INFO - Loading train_features_2.jsonl...
2025-10-24 08:51:49,152 - INFO -   Processed 0 lines...
2025-10-24 08:51:51,058 - INFO -   Processed 10,000 lines...
2025-10-24 08:53:34,578 - INFO -   Processed 20,000 lines...
2025-10-24 08:53:36,689 - INFO -   Processed 30,000 lines...
2025-10-24 08:53:38,655 - INFO -   Processed 40,000 lines...
2025-10-24 08:53:40,681 - INFO -   Processed 50,000 lines...
2025-10-24 08:53:42,672 - INFO -   Processed 60,000 lines...
2025-10-24 08:53:45,470 - INFO -   Processed 70,000 lines...
2025-10-24 08:56:46,320 - INFO -   Processed 80,000 lines...
2025-10-24 08:56:48,304 - INFO -   Processed 90,000 lines...
2025-10-24 08:56:49,930 - INFO -   Processed 100,000 lines...
2025-10-24 08:56:51,441 - INFO -   Processed 110,000 lines...
2025-10-24 08:56:53,238 - INFO -   Processed 120,000 lines...
2025-10-24 08:56:54,391 - INFO - Loading train_features_3.jsonl...
2025-10-24 08:56:54,396 - INFO -   Processed 0 lines...
2025-10-24 08:56:56,291 - INFO -   Processed 10,000 lines...
2025-10-24 08:56:58,006 - INFO -   Processed 20,000 lines...
2025-10-24 09:03:54,053 - INFO -   Processed 30,000 lines...
2025-10-24 09:03:58,919 - INFO -   Processed 40,000 lines...
2025-10-24 09:04:01,986 - INFO -   Processed 50,000 lines...
2025-10-24 09:04:08,265 - INFO -   Processed 60,000 lines...
2025-10-24 09:04:17,452 - INFO -   Processed 70,000 lines...
2025-10-24 09:04:21,399 - WARNING - Loi process line 75527: 
2025-10-24 09:04:21,418 - WARNING - Loi process line 75528: 
2025-10-24 09:04:21,431 - WARNING - Loi process line 75529: 
2025-10-24 09:04:21,449 - WARNING - Loi process line 75530: 
2025-10-24 09:04:21,467 - WARNING - Loi process line 75531: 
2025-10-24 09:04:21,477 - WARNING - Loi process line 75532: 
2025-10-24 09:04:21,490 - WARNING - Loi process line 75533: 
2025-10-24 09:04:21,505 - WARNING - Loi process line 75534: 
2025-10-24 09:04:21,524 - WARNING - Loi process line 75535: 
2025-10-24 09:04:21,525 - WARNING - Loi process line 75536: 
2025-10-24 09:04:21,525 - WARNING - Loi process line 75537: 
2025-10-24 09:04:21,526 - WARNING - Loi process line 75538: 
2025-10-24 09:04:21,526 - WARNING - Loi process line 75539: 
2025-10-24 09:04:21,526 - WARNING - Loi process line 75540: 
2025-10-24 09:04:21,527 - WARNING - Loi process line 75541: 
2025-10-24 09:04:21,528 - WARNING - Loi process line 75542: 
2025-10-24 09:04:21,528 - WARNING - Loi process line 75543: 
2025-10-24 09:04:21,529 - WARNING - Loi process line 75544: 
2025-10-24 09:04:21,532 - WARNING - Loi process line 75545: 
2025-10-24 09:04:21,532 - WARNING - Loi process line 75546: 
2025-10-24 09:04:21,533 - WARNING - Loi process line 75547: 
2025-10-24 09:04:21,533 - WARNING - Loi process line 75548: 
2025-10-24 09:04:21,533 - WARNING - Loi process line 75549: 
2025-10-24 09:04:21,534 - WARNING - Loi process line 75550: 
2025-10-24 09:04:21,534 - WARNING - Loi process line 75551: 
2025-10-24 09:04:21,534 - WARNING - Loi process line 75552: 
2025-10-24 09:04:21,534 - WARNING - Loi process line 75553: 
2025-10-24 09:04:21,535 - WARNING - Loi process line 75554: 
2025-10-24 09:04:21,535 - WARNING - Loi process line 75555: 
2025-10-24 09:04:21,535 - WARNING - Loi process line 75556: 
2025-10-24 09:04:21,535 - WARNING - Loi process line 75557: 
2025-10-24 09:04:21,536 - WARNING - Loi process line 75558: 
2025-10-24 09:04:21,536 - WARNING - Loi process line 75559: 
2025-10-24 09:04:21,536 - WARNING - Loi process line 75560: 
2025-10-24 09:04:21,536 - WARNING - Loi process line 75561: 
2025-10-24 09:04:21,538 - WARNING - Loi process line 75562: 
2025-10-24 09:04:21,538 - WARNING - Loi process line 75563: 
2025-10-24 09:04:21,539 - WARNING - Loi process line 75564: 
2025-10-24 09:04:21,539 - WARNING - Loi process line 75565: 
2025-10-24 09:04:21,539 - WARNING - Loi process line 75566: 
2025-10-24 09:04:21,539 - WARNING - Loi process line 75567: 
2025-10-24 09:04:21,539 - WARNING - Loi process line 75568: 
2025-10-24 09:04:21,541 - WARNING - Loi process line 75569: 
2025-10-24 09:04:21,542 - WARNING - Loi process line 75570: 
2025-10-24 09:04:21,542 - WARNING - Loi process line 75571: 
2025-10-24 09:04:21,543 - WARNING - Loi process line 75572: 
2025-10-24 09:04:21,543 - WARNING - Loi process line 75573: 
2025-10-24 09:04:21,544 - WARNING - Loi process line 75574: 
2025-10-24 09:04:21,544 - WARNING - Loi process line 75575: 
2025-10-24 09:04:21,545 - WARNING - Loi process line 75576: 
2025-10-24 09:04:21,546 - WARNING - Loi process line 75577: 
2025-10-24 09:04:21,546 - WARNING - Loi process line 75578: 
2025-10-24 09:04:21,547 - WARNING - Loi process line 75579: 
2025-10-24 09:04:21,547 - WARNING - Loi process line 75580: 
2025-10-24 09:04:21,548 - WARNING - Loi process line 75581: 
2025-10-24 09:04:21,548 - WARNING - Loi process line 75582: 
2025-10-24 09:04:21,557 - WARNING - Loi process line 75583: 
2025-10-24 09:04:21,559 - WARNING - Loi process line 75584: 
2025-10-24 09:04:21,559 - WARNING - Loi process line 75585: 
2025-10-24 09:04:21,560 - WARNING - Loi process line 75586: 
2025-10-24 09:04:21,560 - WARNING - Loi process line 75587: 
2025-10-24 09:04:21,561 - WARNING - Loi process line 75588: 
2025-10-24 09:04:21,561 - WARNING - Loi process line 75589: 
2025-10-24 09:04:21,562 - WARNING - Loi process line 75590: 
2025-10-24 09:04:21,562 - WARNING - Loi process line 75591: 
2025-10-24 09:04:21,562 - WARNING - Loi process line 75592: 
2025-10-24 09:04:21,563 - WARNING - Loi process line 75593: 
2025-10-24 09:04:21,563 - WARNING - Loi process line 75594: 
2025-10-24 09:04:21,563 - WARNING - Loi process line 75595: 
2025-10-24 09:04:21,564 - WARNING - Loi process line 75596: 
2025-10-24 09:04:21,565 - WARNING - Loi process line 75597: 
2025-10-24 09:04:21,565 - WARNING - Loi process line 75598: 
2025-10-24 09:04:21,566 - WARNING - Loi process line 75599: 
2025-10-24 09:04:21,566 - WARNING - Loi process line 75600: 
2025-10-24 09:04:21,567 - WARNING - Loi process line 75601: 
2025-10-24 09:04:21,567 - WARNING - Loi process line 75602: 
2025-10-24 09:04:21,568 - WARNING - Loi process line 75603: 
2025-10-24 09:04:21,569 - WARNING - Loi process line 75604: 
2025-10-24 09:04:21,570 - WARNING - Loi process line 75605: 
2025-10-24 09:04:21,570 - WARNING - Loi process line 75606: 
2025-10-24 09:04:21,571 - WARNING - Loi process line 75607: 
2025-10-24 09:04:21,571 - WARNING - Loi process line 75608: 
2025-10-24 09:04:21,572 - WARNING - Loi process line 75609: 
2025-10-24 09:04:21,572 - WARNING - Loi process line 75610: 
2025-10-24 09:04:21,572 - WARNING - Loi process line 75611: 
2025-10-24 09:04:21,573 - WARNING - Loi process line 75612: 
2025-10-24 09:04:21,573 - WARNING - Loi process line 75613: 
2025-10-24 09:04:21,575 - WARNING - Loi process line 75614: 
2025-10-24 09:04:21,583 - WARNING - Loi process line 75615: 
2025-10-24 09:04:21,584 - WARNING - Loi process line 75616: 
2025-10-24 09:04:21,585 - WARNING - Loi process line 75617: 
2025-10-24 09:04:21,585 - WARNING - Loi process line 75618: 
2025-10-24 09:04:21,585 - WARNING - Loi process line 75619: 
2025-10-24 09:04:21,586 - WARNING - Loi process line 75620: 
2025-10-24 09:04:21,586 - WARNING - Loi process line 75621: 
2025-10-24 09:04:21,586 - WARNING - Loi process line 75622: 
2025-10-24 09:04:21,586 - WARNING - Loi process line 75623: 
2025-10-24 09:04:21,588 - WARNING - Loi process line 75624: 
2025-10-24 09:04:21,589 - WARNING - Loi process line 75625: 
2025-10-24 09:04:21,589 - WARNING - Loi process line 75626: 
2025-10-24 09:04:21,589 - WARNING - Loi process line 75627: 
2025-10-24 09:04:21,590 - WARNING - Loi process line 75628: 
2025-10-24 09:04:21,590 - WARNING - Loi process line 75629: 
2025-10-24 09:04:21,591 - WARNING - Loi process line 75630: 
2025-10-24 09:04:21,592 - WARNING - Loi process line 75631: 
2025-10-24 09:04:21,592 - WARNING - Loi process line 75632: 
2025-10-24 09:04:21,593 - WARNING - Loi process line 75633: 
2025-10-24 09:04:21,593 - WARNING - Loi process line 75634: 
2025-10-24 09:04:21,594 - WARNING - Loi process line 75635: 
2025-10-24 09:04:21,594 - WARNING - Loi process line 75636: 
2025-10-24 09:04:21,594 - WARNING - Loi process line 75637: 
2025-10-24 09:04:21,595 - WARNING - Loi process line 75638: 
2025-10-24 09:04:21,595 - WARNING - Loi process line 75639: 
2025-10-24 09:04:21,598 - WARNING - Loi process line 75640: 
2025-10-24 09:04:21,599 - WARNING - Loi process line 75641: 
2025-10-24 09:04:21,599 - WARNING - Loi process line 75642: 
2025-10-24 09:04:21,600 - WARNING - Loi process line 75643: 
2025-10-24 09:04:21,600 - WARNING - Loi process line 75644: 
2025-10-24 09:04:21,601 - WARNING - Loi process line 75645: 
2025-10-24 09:04:21,601 - WARNING - Loi process line 75646: 
2025-10-24 09:04:21,602 - WARNING - Loi process line 75647: 
2025-10-24 09:04:21,602 - WARNING - Loi process line 75648: 
2025-10-24 09:04:21,602 - WARNING - Loi process line 75649: 
2025-10-24 09:04:21,603 - WARNING - Loi process line 75650: 
2025-10-24 09:04:21,604 - WARNING - Loi process line 75651: 
2025-10-24 09:04:21,604 - WARNING - Loi process line 75652: 
2025-10-24 09:04:21,604 - WARNING - Loi process line 75653: 
2025-10-24 09:04:21,605 - WARNING - Loi process line 75654: 
2025-10-24 09:04:21,605 - WARNING - Loi process line 75655: 
2025-10-24 09:04:21,606 - WARNING - Loi process line 75656: 
2025-10-24 09:04:21,606 - WARNING - Loi process line 75657: 
2025-10-24 09:04:21,607 - WARNING - Loi process line 75658: 
2025-10-24 09:04:21,608 - WARNING - Loi process line 75659: 
2025-10-24 09:04:21,609 - WARNING - Loi process line 75660: 
2025-10-24 09:04:21,609 - WARNING - Loi process line 75661: 
2025-10-24 09:04:21,609 - WARNING - Loi process line 75662: 
2025-10-24 09:04:21,610 - WARNING - Loi process line 75663: 
2025-10-24 09:04:21,611 - WARNING - Loi process line 75664: 
2025-10-24 09:04:21,611 - WARNING - Loi process line 75665: 
2025-10-24 09:04:21,613 - WARNING - Loi process line 75666: 
2025-10-24 09:04:21,613 - WARNING - Loi process line 75667: 
2025-10-24 09:04:21,614 - WARNING - Loi process line 75668: 
2025-10-24 09:04:21,614 - WARNING - Loi process line 75669: 
2025-10-24 09:04:21,614 - WARNING - Loi process line 75670: 
2025-10-24 09:04:21,615 - WARNING - Loi process line 75671: 
2025-10-24 09:04:21,615 - WARNING - Loi process line 75672: 
2025-10-24 09:04:21,618 - WARNING - Loi process line 75673: 
2025-10-24 09:04:21,622 - WARNING - Loi process line 75674: 
2025-10-24 09:04:21,628 - WARNING - Loi process line 75675: 
2025-10-24 09:04:21,655 - WARNING - Loi process line 75676: 
2025-10-24 09:04:21,671 - WARNING - Loi process line 75677: 
2025-10-24 09:04:21,685 - WARNING - Loi process line 75678: 
2025-10-24 09:04:21,708 - WARNING - Loi process line 75679: 
2025-10-24 09:04:21,723 - WARNING - Loi process line 75680: 
2025-10-24 09:04:21,733 - WARNING - Loi process line 75681: 
2025-10-24 09:04:21,749 - WARNING - Loi process line 75682: 
2025-10-24 09:04:21,760 - WARNING - Loi process line 75683: 
2025-10-24 09:04:21,777 - WARNING - Loi process line 75684: 
2025-10-24 09:04:21,789 - WARNING - Loi process line 75685: 
2025-10-24 09:04:21,803 - WARNING - Loi process line 75686: 
2025-10-24 09:04:21,824 - WARNING - Loi process line 75687: 
2025-10-24 09:04:21,841 - WARNING - Loi process line 75688: 
2025-10-24 09:04:21,853 - WARNING - Loi process line 75689: 
2025-10-24 09:04:21,871 - WARNING - Loi process line 75690: 
2025-10-24 09:04:21,886 - WARNING - Loi process line 75691: 
2025-10-24 09:04:21,911 - WARNING - Loi process line 75692: 
2025-10-24 09:04:21,929 - WARNING - Loi process line 75693: 
2025-10-24 09:04:21,949 - WARNING - Loi process line 75694: 
2025-10-24 09:04:21,965 - WARNING - Loi process line 75695: 
2025-10-24 09:04:21,982 - WARNING - Loi process line 75696: 
2025-10-24 09:04:21,995 - WARNING - Loi process line 75697: 
2025-10-24 09:04:22,012 - WARNING - Loi process line 75698: 
2025-10-24 09:04:22,028 - WARNING - Loi process line 75699: 
2025-10-24 09:04:22,046 - WARNING - Loi process line 75700: 
2025-10-24 09:04:22,066 - WARNING - Loi process line 75701: 
2025-10-24 09:04:22,085 - WARNING - Loi process line 75702: 
2025-10-24 09:04:22,103 - WARNING - Loi process line 75703: 
2025-10-24 09:04:22,119 - WARNING - Loi process line 75704: 
2025-10-24 09:04:22,134 - WARNING - Loi process line 75705: 
2025-10-24 09:04:22,149 - WARNING - Loi process line 75706: 
2025-10-24 09:04:22,164 - WARNING - Loi process line 75707: 
2025-10-24 09:04:22,180 - WARNING - Loi process line 75708: 
2025-10-24 09:04:22,208 - WARNING - Loi process line 75709: 
2025-10-24 09:04:22,223 - WARNING - Loi process line 75710: 
2025-10-24 09:04:22,240 - WARNING - Loi process line 75711: 
2025-10-24 09:04:22,261 - WARNING - Loi process line 75712: 
2025-10-24 09:04:22,279 - WARNING - Loi process line 75713: 
2025-10-24 09:04:22,296 - WARNING - Loi process line 75714: 
2025-10-24 09:04:22,317 - WARNING - Loi process line 75715: 
2025-10-24 09:04:22,344 - WARNING - Loi process line 75716: 
2025-10-24 09:04:22,359 - WARNING - Loi process line 75717: 
2025-10-24 09:04:22,378 - WARNING - Loi process line 75718: 
2025-10-24 09:04:22,395 - WARNING - Loi process line 75719: 
2025-10-24 09:04:22,413 - WARNING - Loi process line 75720: 
2025-10-24 09:04:22,434 - WARNING - Loi process line 75721: 
2025-10-24 09:04:22,453 - WARNING - Loi process line 75722: 
2025-10-24 09:04:22,475 - WARNING - Loi process line 75723: 
2025-10-24 09:04:22,494 - WARNING - Loi process line 75724: 
2025-10-24 09:04:22,513 - WARNING - Loi process line 75725: 
2025-10-24 09:04:22,568 - WARNING - Loi process line 75726: 
2025-10-24 09:04:22,587 - WARNING - Loi process line 75727: 
2025-10-24 09:04:22,603 - WARNING - Loi process line 75728: 
2025-10-24 09:04:22,621 - WARNING - Loi process line 75729: 
2025-10-24 09:04:22,640 - WARNING - Loi process line 75730: 
2025-10-24 09:04:22,656 - WARNING - Loi process line 75731: 
2025-10-24 09:04:22,681 - WARNING - Loi process line 75732: 
2025-10-24 09:04:22,700 - WARNING - Loi process line 75733: 
2025-10-24 09:04:22,717 - WARNING - Loi process line 75734: 
2025-10-24 09:04:22,739 - WARNING - Loi process line 75735: 
2025-10-24 09:04:22,760 - WARNING - Loi process line 75736: 
2025-10-24 09:04:22,778 - WARNING - Loi process line 75737: 
2025-10-24 09:04:22,795 - WARNING - Loi process line 75738: 
2025-10-24 09:04:22,812 - WARNING - Loi process line 75739: 
2025-10-24 09:04:22,833 - WARNING - Loi process line 75740: 
2025-10-24 09:04:22,849 - WARNING - Loi process line 75741: 
2025-10-24 09:04:22,868 - WARNING - Loi process line 75742: 
2025-10-24 09:04:22,886 - WARNING - Loi process line 75743: 
2025-10-24 09:04:22,903 - WARNING - Loi process line 75744: 
2025-10-24 09:04:22,924 - WARNING - Loi process line 75745: 
2025-10-24 09:04:22,941 - WARNING - Loi process line 75746: 
2025-10-24 09:04:22,964 - WARNING - Loi process line 75747: 
2025-10-24 09:04:22,987 - WARNING - Loi process line 75748: 
2025-10-24 09:04:23,003 - WARNING - Loi process line 75749: 
2025-10-24 09:04:23,023 - WARNING - Loi process line 75750: 
2025-10-24 09:04:23,038 - WARNING - Loi process line 75751: 
2025-10-24 09:04:23,056 - WARNING - Loi process line 75752: 
2025-10-24 09:04:23,071 - WARNING - Loi process line 75753: 
2025-10-24 09:04:23,091 - WARNING - Loi process line 75754: 
2025-10-24 09:04:23,110 - WARNING - Loi process line 75755: 
2025-10-24 09:04:23,126 - WARNING - Loi process line 75756: 
2025-10-24 09:04:23,144 - WARNING - Loi process line 75757: 
2025-10-24 09:04:23,161 - WARNING - Loi process line 75758: 
2025-10-24 09:04:23,181 - WARNING - Loi process line 75759: 
2025-10-24 09:04:23,198 - WARNING - Loi process line 75760: 
2025-10-24 09:04:23,215 - WARNING - Loi process line 75761: 
2025-10-24 09:04:23,239 - WARNING - Loi process line 75762: 
2025-10-24 09:04:23,254 - WARNING - Loi process line 75763: 
2025-10-24 09:04:23,276 - WARNING - Loi process line 75764: 
2025-10-24 09:04:23,293 - WARNING - Loi process line 75765: 
2025-10-24 09:04:23,314 - WARNING - Loi process line 75766: 
2025-10-24 09:04:23,333 - WARNING - Loi process line 75767: 
2025-10-24 09:04:23,353 - WARNING - Loi process line 75768: 
2025-10-24 09:04:23,370 - WARNING - Loi process line 75769: 
2025-10-24 09:04:23,389 - WARNING - Loi process line 75770: 
2025-10-24 09:04:23,406 - WARNING - Loi process line 75771: 
2025-10-24 09:04:23,428 - WARNING - Loi process line 75772: 
2025-10-24 09:04:23,446 - WARNING - Loi process line 75773: 
2025-10-24 09:04:23,465 - WARNING - Loi process line 75774: 
2025-10-24 09:04:23,484 - WARNING - Loi process line 75775: 
2025-10-24 09:04:23,504 - WARNING - Loi process line 75776: 
2025-10-24 09:04:23,523 - WARNING - Loi process line 75777: 
2025-10-24 09:04:23,539 - WARNING - Loi process line 75778: 
2025-10-24 09:04:23,558 - WARNING - Loi process line 75779: 
2025-10-24 09:04:23,581 - WARNING - Loi process line 75780: 
2025-10-24 09:04:23,608 - WARNING - Loi process line 75781: 
2025-10-24 09:04:23,629 - WARNING - Loi process line 75782: 
2025-10-24 09:04:23,646 - WARNING - Loi process line 75783: 
2025-10-24 09:04:23,665 - WARNING - Loi process line 75784: 
2025-10-24 09:04:23,682 - WARNING - Loi process line 75785: 
2025-10-24 09:04:23,718 - WARNING - Loi process line 75786: 
2025-10-24 09:04:23,739 - WARNING - Loi process line 75787: 
2025-10-24 09:04:23,757 - WARNING - Loi process line 75788: 
2025-10-24 09:04:23,775 - WARNING - Loi process line 75789: 
2025-10-24 09:04:23,790 - WARNING - Loi process line 75790: 
2025-10-24 09:04:23,809 - WARNING - Loi process line 75791: 
2025-10-24 09:04:23,829 - WARNING - Loi process line 75792: 
2025-10-24 09:04:23,848 - WARNING - Loi process line 75793: 
2025-10-24 09:04:23,867 - WARNING - Loi process line 75794: 
2025-10-24 09:04:23,885 - WARNING - Loi process line 75795: 
2025-10-24 09:04:23,902 - WARNING - Loi process line 75796: 
2025-10-24 09:04:23,919 - WARNING - Loi process line 75797: 
2025-10-24 09:04:23,938 - WARNING - Loi process line 75798: 
2025-10-24 09:04:23,955 - WARNING - Loi process line 75799: 
2025-10-24 09:04:23,975 - WARNING - Loi process line 75800: 
2025-10-24 09:04:23,997 - WARNING - Loi process line 75801: 
2025-10-24 09:04:24,019 - WARNING - Loi process line 75802: 
2025-10-24 09:04:24,037 - WARNING - Loi process line 75803: 
2025-10-24 09:04:24,054 - WARNING - Loi process line 75804: 
2025-10-24 09:04:24,070 - WARNING - Loi process line 75805: 
2025-10-24 09:04:24,089 - WARNING - Loi process line 75806: 
2025-10-24 09:04:24,106 - WARNING - Loi process line 75807: 
2025-10-24 09:04:24,135 - WARNING - Loi process line 75808: 
2025-10-24 09:04:24,153 - WARNING - Loi process line 75809: 
2025-10-24 09:04:24,169 - WARNING - Loi process line 75810: 
2025-10-24 09:04:24,189 - WARNING - Loi process line 75811: 
2025-10-24 09:04:24,210 - WARNING - Loi process line 75812: 
2025-10-24 09:04:24,230 - WARNING - Loi process line 75813: 
2025-10-24 09:04:24,247 - WARNING - Loi process line 75814: 
2025-10-24 09:04:24,263 - WARNING - Loi process line 75815: 
2025-10-24 09:04:24,281 - WARNING - Loi process line 75816: 
2025-10-24 09:04:24,299 - WARNING - Loi process line 75817: 
2025-10-24 09:04:24,318 - WARNING - Loi process line 75818: 
2025-10-24 09:04:24,336 - WARNING - Loi process line 75819: 
2025-10-24 09:04:24,351 - WARNING - Loi process line 75820: 
2025-10-24 09:04:24,370 - WARNING - Loi process line 75821: 
2025-10-24 09:04:24,387 - WARNING - Loi process line 75822: 
2025-10-24 09:04:24,404 - WARNING - Loi process line 75823: 
2025-10-24 09:04:24,424 - WARNING - Loi process line 75824: 
2025-10-24 09:04:24,443 - WARNING - Loi process line 75825: 
2025-10-24 09:04:24,470 - WARNING - Loi process line 75826: 
2025-10-24 09:04:24,487 - WARNING - Loi process line 75827: 
2025-10-24 09:04:24,505 - WARNING - Loi process line 75828: 
2025-10-24 09:04:24,527 - WARNING - Loi process line 75829: 
2025-10-24 09:04:24,580 - WARNING - Loi process line 75830: 
2025-10-24 09:04:24,603 - WARNING - Loi process line 75831: 
2025-10-24 09:04:24,637 - WARNING - Loi process line 75832: 
2025-10-24 09:04:24,646 - WARNING - Loi process line 75833: 
2025-10-24 09:04:24,649 - WARNING - Loi process line 75834: 
2025-10-24 09:04:24,649 - WARNING - Loi process line 75835: 
2025-10-24 09:04:24,651 - WARNING - Loi process line 75836: 
2025-10-24 09:04:24,652 - WARNING - Loi process line 75837: 
2025-10-24 09:04:24,655 - WARNING - Loi process line 75838: 
2025-10-24 09:04:24,657 - WARNING - Loi process line 75839: 
2025-10-24 09:04:24,660 - WARNING - Loi process line 75840: 
2025-10-24 09:04:24,663 - WARNING - Loi process line 75841: 
2025-10-24 09:04:24,663 - WARNING - Loi process line 75842: 
2025-10-24 09:04:24,664 - WARNING - Loi process line 75843: 
2025-10-24 09:04:24,665 - WARNING - Loi process line 75844: 
2025-10-24 09:04:24,665 - WARNING - Loi process line 75845: 
2025-10-24 09:04:24,667 - WARNING - Loi process line 75846: 
2025-10-24 09:04:24,667 - WARNING - Loi process line 75847: 
2025-10-24 09:04:24,667 - WARNING - Loi process line 75848: 
2025-10-24 09:04:24,668 - WARNING - Loi process line 75849: 
2025-10-24 09:04:24,668 - WARNING - Loi process line 75850: 
2025-10-24 09:04:24,669 - WARNING - Loi process line 75851: 
2025-10-24 09:04:24,670 - WARNING - Loi process line 75852: 
2025-10-24 09:04:24,670 - WARNING - Loi process line 75853: 
2025-10-24 09:04:24,671 - WARNING - Loi process line 75854: 
2025-10-24 09:04:24,671 - WARNING - Loi process line 75855: 
2025-10-24 09:04:24,671 - WARNING - Loi process line 75856: 
2025-10-24 09:04:24,672 - WARNING - Loi process line 75857: 
2025-10-24 09:04:24,672 - WARNING - Loi process line 75858: 
2025-10-24 09:04:24,673 - WARNING - Loi process line 75859: 
2025-10-24 09:04:24,673 - WARNING - Loi process line 75860: 
2025-10-24 09:04:24,674 - WARNING - Loi process line 75861: 
2025-10-24 09:04:24,678 - WARNING - Loi process line 75862: 
2025-10-24 09:04:24,686 - WARNING - Loi process line 75863: 
2025-10-24 09:04:24,687 - WARNING - Loi process line 75864: 
2025-10-24 09:04:24,687 - WARNING - Loi process line 75865: 
2025-10-24 09:04:24,688 - WARNING - Loi process line 75866: 
2025-10-24 09:04:24,689 - WARNING - Loi process line 75867: 
2025-10-24 09:04:24,690 - WARNING - Loi process line 75868: 
2025-10-24 09:04:24,690 - WARNING - Loi process line 75869: 
2025-10-24 09:04:24,691 - WARNING - Loi process line 75870: 
2025-10-24 09:04:24,693 - WARNING - Loi process line 75871: 
2025-10-24 09:04:24,694 - WARNING - Loi process line 75872: 
2025-10-24 09:04:24,695 - WARNING - Loi process line 75873: 
2025-10-24 09:04:24,696 - WARNING - Loi process line 75874: 
2025-10-24 09:04:24,697 - WARNING - Loi process line 75875: 
2025-10-24 09:04:24,698 - WARNING - Loi process line 75876: 
2025-10-24 09:04:24,699 - WARNING - Loi process line 75877: 
2025-10-24 09:04:24,702 - WARNING - Loi process line 75878: 
2025-10-24 09:04:24,705 - WARNING - Loi process line 75879: 
2025-10-24 09:04:24,706 - WARNING - Loi process line 75880: 
2025-10-24 09:04:27,048 - INFO -   Processed 80,000 lines...
2025-10-24 09:04:30,977 - INFO -   Processed 90,000 lines...
2025-10-24 09:04:43,769 - INFO -   Processed 100,000 lines...
2025-10-24 09:13:00,665 - INFO - Project root: D:\pbl6\ember\train
2025-10-24 09:13:00,665 - INFO - Data directory: D:\pbl6\ember\data\ember2018
2025-10-24 09:13:00,665 - INFO - Model path: D:\pbl6\ember\train\ember_model_pycharm.txt
2025-10-24 09:13:00,665 - INFO - ============================================================
2025-10-24 09:13:00,665 - INFO - EMBER TRAINING CHO PYCHARM
2025-10-24 09:13:00,665 - INFO - ============================================================
2025-10-24 09:13:00,665 - INFO - Kiem tra yeu cau he thong...
2025-10-24 09:13:00,665 - INFO - Python 3.10.11
2025-10-24 09:13:00,710 - INFO - 💾 RAM: 15.7 GB
2025-10-24 09:13:00,710 - INFO - Cai dat dependencies...
2025-10-24 09:13:00,710 - INFO - Cai dat lightgbm...
2025-10-24 09:13:01,710 - INFO - lightgbm da cai dat
2025-10-24 09:13:01,710 - INFO - Cai dat tqdm...
2025-10-24 09:13:02,667 - INFO - tqdm da cai dat
2025-10-24 09:13:02,667 - INFO - Cai dat numpy...
2025-10-24 09:13:03,781 - INFO - numpy da cai dat
2025-10-24 09:13:03,781 - INFO - Cai dat pandas...
2025-10-24 09:13:04,741 - INFO - pandas da cai dat
2025-10-24 09:13:04,741 - INFO - Cai dat scikit-learn...
2025-10-24 09:13:05,671 - INFO - scikit-learn da cai dat
2025-10-24 09:13:05,671 - INFO - Cai dat psutil...
2025-10-24 09:13:06,645 - INFO - psutil da cai dat
2025-10-24 09:13:06,645 - INFO - Cai dat LIEF...
2025-10-24 09:13:06,652 - INFO - Conda khong kha dung, thu pip...
2025-10-24 09:13:07,516 - INFO - LIEF da cai tu pip
2025-10-24 09:13:07,516 - INFO - Setup EMBER repository...
2025-10-24 09:13:07,516 - INFO - EMBER repository da co san
2025-10-24 09:13:07,516 - INFO - Kiem tra EMBER source code...
2025-10-24 09:13:07,516 - INFO - EMBER source code da co san
2025-10-24 09:13:07,516 - INFO - Su dung EMBER truc tiep tu source code...
2025-10-24 09:13:07,516 - INFO - Setup dataset...
2025-10-24 09:13:07,517 - INFO - Dataset da co san
2025-10-24 09:13:07,517 - INFO - Dataset path: D:\pbl6\ember\data\ember2018
2025-10-24 09:13:07,517 - INFO - Tim thay 7 file .jsonl
2025-10-24 09:13:07,517 - INFO - Bat dau training EMBER...
2025-10-24 09:13:13,344 - INFO - EMBER da duoc import thanh cong
2025-10-24 09:13:13,344 - INFO - Kiem tra dataset...
2025-10-24 09:13:13,344 - INFO - Tim thay 6 feature files
2025-10-24 09:13:13,345 - INFO - Feature sample: {"sha256": "0abb4fda7d5b13801d63bee53e5e256be43e141faa077a6d149874242c3f02c2", "md5": "63956d6417f8f...
2025-10-24 09:13:13,346 - INFO - Khong tim thay vectorized features, tao moi...
2025-10-24 09:13:40,842 - ERROR - Loi tao features: Samples can not be a single string. The input must be an iterable over iterables of strings.
2025-10-24 09:13:40,843 - INFO - Dataset co the da bi loi format. Thu su dung truc tiep...
2025-10-24 09:13:40,843 - INFO - Bo qua tao vectorized features, su dung dataset truc tiep...
2025-10-24 09:13:40,843 - INFO - Loading data...
2025-10-24 09:13:40,843 - INFO - Loading 6 feature files...
2025-10-24 09:13:40,843 - INFO - Loading train_features_0.jsonl...
2025-10-24 09:13:40,844 - INFO -   Processed 0 lines...
2025-10-24 09:13:43,448 - INFO -   Processed 10,000 lines...
2025-10-24 09:13:44,970 - INFO -   Processed 20,000 lines...
2025-10-24 09:13:49,307 - INFO -   Processed 30,000 lines...
2025-10-24 09:13:52,391 - INFO -   Processed 40,000 lines...
2025-10-24 09:13:55,470 - INFO - Loading train_features_1.jsonl...
2025-10-24 09:13:55,472 - INFO -   Processed 0 lines...
2025-10-24 09:13:58,473 - INFO -   Processed 10,000 lines...
2025-10-24 09:14:01,553 - INFO -   Processed 20,000 lines...
2025-10-24 09:14:04,529 - INFO -   Processed 30,000 lines...
2025-10-24 09:14:06,264 - INFO -   Processed 40,000 lines...
2025-10-24 09:14:10,023 - INFO -   Processed 50,000 lines...
2025-10-24 09:14:11,508 - INFO -   Processed 60,000 lines...
2025-10-24 09:14:15,000 - INFO -   Processed 70,000 lines...
2025-10-24 09:14:16,570 - INFO -   Processed 80,000 lines...
2025-10-24 09:14:18,147 - INFO -   Processed 90,000 lines...
2025-10-24 09:14:21,794 - INFO -   Processed 100,000 lines...
2025-10-24 09:14:25,005 - INFO -   Processed 110,000 lines...
2025-10-24 09:14:28,661 - INFO -   Processed 120,000 lines...
2025-10-24 09:14:31,044 - INFO -   Processed 130,000 lines...
2025-10-24 09:14:35,551 - INFO -   Processed 140,000 lines...
2025-10-24 09:14:38,009 - INFO -   Processed 150,000 lines...
2025-10-24 09:14:39,365 - INFO - Loading train_features_2.jsonl...
2025-10-24 09:14:39,367 - INFO -   Processed 0 lines...
2025-10-24 09:14:41,122 - INFO -   Processed 10,000 lines...
2025-10-24 09:14:51,735 - INFO -   Processed 20,000 lines...
2025-10-24 09:14:54,291 - INFO -   Processed 30,000 lines...
2025-10-24 09:14:56,029 - INFO -   Processed 40,000 lines...
2025-10-24 09:14:57,604 - INFO -   Processed 50,000 lines...
2025-10-24 09:14:59,563 - INFO -   Processed 60,000 lines...
2025-10-24 09:15:02,050 - INFO -   Processed 70,000 lines...
2025-10-24 09:16:36,661 - INFO -   Processed 80,000 lines...
2025-10-24 09:16:38,692 - INFO -   Processed 90,000 lines...
2025-10-24 09:16:40,225 - INFO -   Processed 100,000 lines...
2025-10-24 09:16:41,934 - INFO -   Processed 110,000 lines...
2025-10-24 09:16:43,557 - INFO -   Processed 120,000 lines...
2025-10-24 09:16:44,722 - INFO - Loading train_features_3.jsonl...
2025-10-24 09:16:44,723 - INFO -   Processed 0 lines...
2025-10-24 09:16:46,239 - INFO -   Processed 10,000 lines...
2025-10-24 09:16:48,777 - INFO -   Processed 20,000 lines...
2025-10-24 09:21:20,456 - INFO -   Processed 30,000 lines...
2025-10-24 09:21:22,883 - INFO -   Processed 40,000 lines...
2025-10-24 09:21:24,913 - INFO -   Processed 50,000 lines...
2025-10-24 09:21:27,442 - INFO -   Processed 60,000 lines...
2025-10-24 09:21:30,013 - INFO -   Processed 70,000 lines...
2025-10-24 09:21:32,138 - INFO -   Processed 80,000 lines...
2025-10-24 09:21:34,912 - INFO -   Processed 90,000 lines...
2025-10-24 09:21:36,495 - INFO -   Processed 100,000 lines...
2025-10-24 09:21:38,020 - INFO -   Processed 110,000 lines...
2025-10-24 09:27:18,322 - INFO -   Processed 120,000 lines...
2025-10-24 09:27:19,925 - INFO - Loading train_features_4.jsonl...
2025-10-24 09:27:19,931 - INFO -   Processed 0 lines...
2025-10-24 09:27:22,284 - INFO -   Processed 10,000 lines...
2025-10-24 09:27:23,629 - INFO -   Processed 20,000 lines...
2025-10-24 09:27:25,113 - INFO -   Processed 30,000 lines...
2025-10-24 09:27:27,272 - INFO -   Processed 40,000 lines...
2025-10-24 09:27:29,064 - INFO -   Processed 50,000 lines...
2025-10-24 09:27:30,846 - INFO -   Processed 60,000 lines...
2025-10-24 09:27:32,413 - INFO -   Processed 70,000 lines...
2025-10-24 09:27:33,835 - INFO -   Processed 80,000 lines...
2025-10-24 09:27:35,591 - INFO -   Processed 90,000 lines...
2025-10-24 09:27:37,731 - INFO -   Processed 100,000 lines...
2025-10-24 09:36:49,968 - INFO -   Processed 110,000 lines...
2025-10-24 09:36:51,870 - INFO -   Processed 120,000 lines...
2025-10-24 09:36:53,929 - INFO -   Processed 130,000 lines...
2025-10-24 09:36:54,349 - INFO - Loading train_features_5.jsonl...
2025-10-24 09:36:54,360 - INFO -   Processed 0 lines...
2025-10-24 09:36:56,238 - INFO -   Processed 10,000 lines...
2025-10-24 09:36:57,905 - INFO -   Processed 20,000 lines...
2025-10-24 09:36:59,605 - INFO -   Processed 30,000 lines...
2025-10-24 09:37:01,327 - INFO -   Processed 40,000 lines...
2025-10-24 09:37:05,393 - INFO -   Processed 50,000 lines...
2025-10-24 09:37:08,147 - INFO -   Processed 60,000 lines...
2025-10-24 09:37:17,361 - INFO -   Processed 70,000 lines...
2025-10-24 09:37:19,789 - INFO -   Processed 80,000 lines...
2025-10-24 09:37:21,770 - INFO -   Processed 90,000 lines...
2025-10-24 09:37:23,366 - INFO -   Processed 100,000 lines...
2025-10-24 09:37:24,886 - INFO -   Processed 110,000 lines...
